[0m2021.02.15 09:44:42 INFO  Started: Metals version 0.9.10 in workspace '/home/jorge/scripts' for client coc.nvim 0.0.80.[0m
[0m2021.02.15 09:44:43 INFO  time: initialize in 1.31s[0m
[0m2021.02.15 09:44:43 WARN  Build server is not auto-connectable.[0m
[0m2021.02.15 09:44:43 WARN  no build tool detected in workspace '/home/jorge/scripts'. The most common cause for this problem is that the editor was opened in the wrong working directory, for example if you use sbt then the workspace directory should contain build.sbt. [0m
[0m2021.02.15 09:44:46 INFO  no build target: using presentation compiler with only scala-library[0m
[0m2021.02.15 09:53:50 WARN  Unable to produce semanticdb for /home/jorge/desktop/scratch.md[0m
[0m2021.02.15 09:53:52 WARN  Unable to produce semanticdb for /home/jorge/desktop/scratch.md[0m
[0m2021.02.15 09:53:55 WARN  Unable to produce semanticdb for /home/jorge/desktop/scratch.md[0m
[0m2021.02.15 09:53:58 WARN  Unable to produce semanticdb for /home/jorge/desktop/scratch.md[0m
[0m2021.02.15 09:54:18 WARN  Unable to produce semanticdb for /home/jorge/desktop/scratch.md[0m
[0m2021.02.15 09:54:36 WARN  Unable to produce semanticdb for /home/jorge/desktop/scratch.md[0m
[0m2021.02.15 09:54:59 WARN  Unable to produce semanticdb for /home/jorge/desktop/scratch.md[0m
Feb 15, 2021 9:55:24 AM org.eclipse.lsp4j.jsonrpc.RemoteEndpoint handleCancellation
WARNING: Unmatched cancel notification for request id 23
Feb 15, 2021 9:55:24 AM org.eclipse.lsp4j.jsonrpc.RemoteEndpoint handleCancellation
WARNING: Unmatched cancel notification for request id 25
Feb 15, 2021 9:55:24 AM org.eclipse.lsp4j.jsonrpc.RemoteEndpoint handleCancellation
WARNING: Unmatched cancel notification for request id 27
Feb 15, 2021 9:55:30 AM org.eclipse.lsp4j.jsonrpc.RemoteEndpoint handleCancellation
WARNING: Unmatched cancel notification for request id 29
Feb 15, 2021 9:55:30 AM org.eclipse.lsp4j.jsonrpc.RemoteEndpoint handleCancellation
WARNING: Unmatched cancel notification for request id 31
Feb 15, 2021 9:55:31 AM org.eclipse.lsp4j.jsonrpc.RemoteEndpoint handleCancellation
WARNING: Unmatched cancel notification for request id 33
[0m2021.02.15 09:55:32 WARN  Unable to produce semanticdb for /home/jorge/desktop/scratch.md[0m
[0m2021.02.15 09:55:33 WARN  Unable to produce semanticdb for /home/jorge/desktop/scratch.md[0m
[0m2021.02.15 09:55:42 WARN  Unable to produce semanticdb for /home/jorge/desktop/scratch.md[0m
[0m2021.02.15 09:55:45 WARN  Unable to produce semanticdb for /home/jorge/desktop/scratch.md[0m
